<?xml version="1.0" encoding="utf-8"?><testsuites name="pytest tests"><testsuite name="pytest" errors="0" failures="0" skipped="0" tests="43" time="12.070" timestamp="2026-09-01T10:01:23.205693+00:00" hostname="agent-env-ad4ac5cf-3c11-4061-8156-6838137b9614"><testcase classname="tests.test_auth.TestAuth" name="test_login_success_sets_httponly_cookies" time="0.614" /><testcase classname="tests.test_simulations.TestAnalyticsReportsAdmin" name="test_dashboard" time="0.717" /><testcase classname="tests.test_simulations.TestAnalyticsReportsAdmin" name="test_department_analytics" time="0.245" /><testcase classname="tests.test_auth.TestAuth" name="test_me_returns_admin" time="0.372" /><testcase classname="tests.test_simulations.TestAnalyticsReportsAdmin" name="test_recipient_analytics_filters" time="0.329" /><testcase classname="tests.test_auth.TestAuth" name="test_protected_without_auth_401" time="0.593" /><testcase classname="tests.test_simulations.TestAnalyticsReportsAdmin" name="test_csv_reports[/reports/simulation-summary-simulation_id]" time="0.163" /><testcase classname="tests.test_simulations.TestAnalyticsReportsAdmin" name="test_csv_reports[/reports/recipient-recipient_email]" time="0.063" /><testcase classname="tests.test_simulations.TestAnalyticsReportsAdmin" name="test_csv_reports[/reports/department-department]" time="0.076" /><testcase classname="tests.test_auth.TestAuth" name="test_login_invalid_password" time="0.132" /><testcase classname="tests.test_simulations.TestAnalyticsReportsAdmin" name="test_csv_reports[/reports/event-event_type]" time="0.066" /><testcase classname="tests.test_simulations.TestAnalyticsReportsAdmin" name="test_audit_logs_and_filter" time="0.961" /><testcase classname="tests.test_auth.TestAuth" name="test_refresh_rotates_session" time="0.444" /><testcase classname="tests.test_auth.TestAuth" name="test_refresh_without_cookie_401" time="0.103" /><testcase classname="tests.test_auth.TestAuth" name="test_logout_clears_session" time="0.572" /><testcase classname="tests.test_simulations.TestAnalyticsReportsAdmin" name="test_settings_retention" time="0.834" /><testcase classname="tests.test_auth.TestAuth" name="test_brute_force_lockout_on_throwaway_email" time="1.621" /><testcase classname="tests.test_simulations.TestAnalyticsReportsAdmin" name="test_expired_simulations_count" time="0.065" /><testcase classname="tests.test_simulations.TestSandboxSendAndTracking" name="test_send_test_sandbox" time="0.867" /><testcase classname="tests.test_simulations.TestSandboxSendAndTracking" name="test_send_now_sandbox_records_email_sent" time="0.467" /><testcase classname="tests.test_auth.TestAuth" name="test_bcrypt_hash_format" time="0.068" /><testcase classname="tests.test_simulations.TestSandboxSendAndTracking" name="test_simulate_event_endpoint" time="0.527" /><testcase classname="tests.test_simulation_update.TestSimulationUpdate" name="test_update_draft_persists_subject_and_recipients" time="0.677" /><testcase classname="tests.test_simulation_update.TestSimulationUpdate" name="test_update_after_send_rejected" time="0.245" /><testcase classname="tests.test_simulations.TestSandboxSendAndTracking" name="test_public_tracking_no_auth" time="1.472" /><testcase classname="tests.test_simulation_update.TestSimulationUpdate" name="test_update_nonexistent_404" time="0.097" /><testcase classname="tests.test_simulation_update.TestSimulationUpdate" name="test_update_validation_errors" time="0.182" /><testcase classname="tests.test_simulation_update.TestSimulationUpdate" name="test_update_requires_auth" time="0.334" /><testcase classname="tests.test_resources.TestRecipients" name="test_create_email_only" time="0.693" /><testcase classname="tests.test_resources.TestRecipients" name="test_update_toggle_delete" time="0.670" /><testcase classname="tests.test_simulations.TestSandboxSendAndTracking" name="test_simulate_full_pipeline" time="0.246" /><testcase classname="tests.test_simulations.TestSandboxSendAndTracking" name="test_status_update" time="0.512" /><testcase classname="tests.test_resources.TestRecipients" name="test_bulk_add_validation" time="0.274" /><testcase classname="tests.test_resources.TestRecipients" name="test_csv_import_preview_and_confirm" time="1.116" /><testcase classname="tests.test_simulations.TestSimulationCreate" name="test_validation_errors" time="0.545" /><testcase classname="tests.test_simulations.TestSimulationCreate" name="test_sim_created_with_auto_id_and_no_campaign_name" time="0.393" /><testcase classname="tests.test_simulations.TestSimulationCreate" name="test_unique_32char_tokens" time="0.315" /><testcase classname="tests.test_auth.TestHealth" name="test_health" time="0.119" /><testcase classname="tests.test_resources.TestSenders" name="test_sender_crud" time="1.009" /><testcase classname="tests.test_resources.TestDepartments" name="test_create_list_rename_delete" time="1.607" /><testcase classname="tests.test_resources.TestLandingPages" name="test_landing_crud" time="0.625" /><testcase classname="tests.test_simulations.TestLiveGuardrails" name="test_live_with_sender_sim_refused" time="0.943" /><testcase classname="tests.test_resources.TestForms" name="test_create_form_and_banned_word_rejection" time="0.980" /></testsuite></testsuites>